0 info it worked if it ends with ok
1 verbose cli [ '/usr/bin/nodejs', '/usr/bin/npm', 'run', 'client-install' ]
2 info using npm@3.5.2
3 info using node@v4.2.6
4 verbose run-script [ 'preclient-install', 'client-install', 'postclient-install' ]
5 info lifecycle bankaroni@1.0.0~preclient-install: bankaroni@1.0.0
6 silly lifecycle bankaroni@1.0.0~preclient-install: no script for preclient-install, continuing
7 info lifecycle bankaroni@1.0.0~client-install: bankaroni@1.0.0
8 verbose lifecycle bankaroni@1.0.0~client-install: unsafe-perm in lifecycle true
9 verbose lifecycle bankaroni@1.0.0~client-install: PATH: /usr/share/npm/bin/node-gyp-bin:/home/hc-15/Carlosf96/bankApp/node_modules/.bin:/usr/local/sbin:/usr/local/bin:/usr/sbin:/usr/bin:/sbin:/bin:/usr/games:/usr/local/games:/snap/bin
10 verbose lifecycle bankaroni@1.0.0~client-install: CWD: /home/hc-15/Carlosf96/bankApp
11 silly lifecycle bankaroni@1.0.0~client-install: Args: [ '-c', 'npm install --prefix client' ]
12 silly lifecycle bankaroni@1.0.0~client-install: Returned: code: 1  signal: null
13 info lifecycle bankaroni@1.0.0~client-install: Failed to exec client-install script
14 verbose stack Error: bankaroni@1.0.0 client-install: `npm install --prefix client`
14 verbose stack Exit status 1
14 verbose stack     at EventEmitter.<anonymous> (/usr/share/npm/lib/utils/lifecycle.js:232:16)
14 verbose stack     at emitTwo (events.js:87:13)
14 verbose stack     at EventEmitter.emit (events.js:172:7)
14 verbose stack     at ChildProcess.<anonymous> (/usr/share/npm/lib/utils/spawn.js:24:14)
14 verbose stack     at emitTwo (events.js:87:13)
14 verbose stack     at ChildProcess.emit (events.js:172:7)
14 verbose stack     at maybeClose (internal/child_process.js:821:16)
14 verbose stack     at Process.ChildProcess._handle.onexit (internal/child_process.js:211:5)
15 verbose pkgid bankaroni@1.0.0
16 verbose cwd /home/hc-15/Carlosf96/bankApp
17 error Linux 4.15.0-47-generic
18 error argv "/usr/bin/nodejs" "/usr/bin/npm" "run" "client-install"
19 error node v4.2.6
20 error npm  v3.5.2
21 error code ELIFECYCLE
22 error bankaroni@1.0.0 client-install: `npm install --prefix client`
22 error Exit status 1
23 error Failed at the bankaroni@1.0.0 client-install script 'npm install --prefix client'.
23 error Make sure you have the latest version of node.js and npm installed.
23 error If you do, this is most likely a problem with the bankaroni package,
23 error not with npm itself.
23 error Tell the author that this fails on your system:
23 error     npm install --prefix client
23 error You can get information on how to open an issue for this project with:
23 error     npm bugs bankaroni
23 error Or if that isn't available, you can get their info via:
23 error     npm owner ls bankaroni
23 error There is likely additional logging output above.
24 verbose exit [ 1, true ]
